<?xml version="1.0" encoding="UTF-8"?>
<testng-results ignored="0" total="1" passed="1" failed="0" skipped="0">
  <reporter-output>
  </reporter-output>
  <suite started-at="2022-04-20T05:23:37Z" name="Default suite" finished-at="2022-04-20T05:23:42Z" duration-ms="4897">
    <groups>
    </groups>
    <test started-at="2022-04-20T05:23:37Z" name="Default test" finished-at="2022-04-20T05:23:42Z" duration-ms="4897">
      <class name="test.NewTest">
        <test-method signature="Test()[pri:0, instance:test.NewTest@5117dd67]" started-at="2022-04-20T00:23:37Z" name="Test" finished-at="2022-04-20T00:23:42Z" duration-ms="4872" status="PASS">
          <reporter-output>
          </reporter-output>
        </test-method> <!-- Test -->
      </class> <!-- test.NewTest -->
    </test> <!-- Default test -->
  </suite> <!-- Default suite -->
</testng-results>
