<?xml version="1.0" encoding="UTF-8"?>
<testng-results ignored="0" total="1" passed="1" failed="0" skipped="0">
  <reporter-output>
  </reporter-output>
  <suite started-at="2022-04-16T14:33:41Z" name="Default suite" finished-at="2022-04-16T14:33:47Z" duration-ms="5630">
    <groups>
    </groups>
    <test started-at="2022-04-16T14:33:41Z" name="Default test" finished-at="2022-04-16T14:33:47Z" duration-ms="5630">
      <class name="test.NewTest">
        <test-method signature="Test()[pri:0, instance:test.NewTest@6d026701]" started-at="2022-04-16T09:33:41Z" name="Test" finished-at="2022-04-16T09:33:47Z" duration-ms="5599" status="PASS">
          <reporter-output>
          </reporter-output>
        </test-method> <!-- Test -->
      </class> <!-- test.NewTest -->
    </test> <!-- Default test -->
  </suite> <!-- Default suite -->
</testng-results>
